openCVLibrary340/build/intermediates/manifest_merge_blame_file/debug/manifest-merger-blame-debug-report.txt
1<?xml version="1.0" encoding="utf-8"?>
2<manifest xmlns:android="http://schemas.android.com/apk/res/android"
3    package="org.opencv"
4    android:versionCode="3400"
5    android:versionName="3.4.0" >
6
7    <uses-sdk
8        android:minSdkVersion="8"
8-->src\main\AndroidManifest.xml
9        android:targetSdkVersion="26" />
9-->src\main\AndroidManifest.xml
10
11    <uses-permission android:name="android.permission.READ_EXTERNAL_STORAGE" />
11-->src\main\AndroidManifest.xml:7:5-79
11-->src\main\AndroidManifest.xml:7:22-77
12    <uses-permission android:name="android.permission.CAMERA" />
12-->src\main\AndroidManifest.xml:8:5-64
12-->src\main\AndroidManifest.xml:8:22-62
13
14    <uses-feature
14-->src\main\AndroidManifest.xml:10:5-84
15        android:name="android.hardware.camera"
15-->src\main\AndroidManifest.xml:10:19-57
16        android:required="false" />
16-->src\main\AndroidManifest.xml:10:58-82
17    <uses-feature
17-->src\main\AndroidManifest.xml:11:5-94
18        android:name="android.hardware.camera.autofocus"
18-->src\main\AndroidManifest.xml:11:19-67
19        android:required="false" />
19-->src\main\AndroidManifest.xml:11:68-92
20    <uses-feature
20-->src\main\AndroidManifest.xml:12:5-90
21        android:name="android.hardware.camera.front"
21-->src\main\AndroidManifest.xml:12:19-63
22        android:required="false" />
22-->src\main\AndroidManifest.xml:12:64-88
23    <uses-feature
23-->src\main\AndroidManifest.xml:13:5-100
24        android:name="android.hardware.camera.front.autofocus"
24-->src\main\AndroidManifest.xml:13:19-73
25        android:required="false" />
25-->src\main\AndroidManifest.xml:13:74-98
26
27</manifest>